bash: -c: line 0: syntax error near unexpected token `;'
bash: -c: line 0: `cd /Users/weiwang/Projects/miniwow ; set -o pipefail ; max_retries=3 ; retry_count=0 ; while [ $retry_count -lt $max_retries ]; do ;   ./run_all_dungeons.sh main --emulator 192.168.1.150:5555 ;   if [ $? -eq 0 ]; then ;     echo '✅ 脚本运行成功' ;     exit 0 ;   fi ;   ((retry_count++)) ;   if [ $retry_count -lt $max_retries ]; then ;     wait_time=$((retry_count * 10)) ;     echo "⏳ 等待 ${wait_time} 秒后重新运行... (第 $retry_count/$max_retries 次失败)" ;     sleep $wait_time ;     echo "🔄 开始第 $((retry_count + 1)) 次重试..." ;   fi ; done ; echo '❌ 脚本在 $max_retries 次重试后仍然失败' ; exit 1'
[0;34m[INFO][0m 将运行选定的 1 个角色

[0;34m[INFO][0m 准备运行 1 个角色: main

[0;34m[INFO][0m 正在运行第 1/1 个角色...
[0;31m[ERROR][0m 配置文件不存在: configs/main.json
[0;31m[ERROR][0m 运行失败（已重试 3 次）！
[1;33m[WARNING][0m 继续运行下一个角色...


[0;34m[INFO][0m ==================================================
[0;34m[INFO][0m 运行总结
[0;34m[INFO][0m ==================================================
[0;34m[INFO][0m 总共运行: 1 个角色
[0;32m[SUCCESS][0m 成功: 0 个
[0;31m[ERROR][0m 失败: 1 个
[0;34m[INFO][0m 总耗时: 0小时 0分钟 0秒
[0;34m[INFO][0m ==================================================

[0;34m[INFO][0m 📱 发送 Bark 通知...
[32m08:32:16.562[0m [1;30mINFO[0m unknown unknown system_config_loader.py:64 [32m✅ 系统配置加载成功: /Users/weiwang/Projects/miniwow/system_config.json[0m
[32m08:32:16.562[0m [1;30mINFO[0m unknown unknown system_config_loader.py:66 [32m📱 Bark 通知已启用[0m
[32m08:32:16.562[0m [1;30mINFO[0m unknown unknown system_config_loader.py:68 [32m📊 Loki 日志已启用[0m
[32m08:32:16.562[0m [1;30mINFO[0m unknown unknown system_config_loader.py:70 [32m📈 Grafana 可视化已启用[0m
2025-12-03 08:32:16,562.562 - root - INFO - 📱 发送 Bark 通知: 异世界勇者 - 副本运行失败
2025-12-03 08:32:17,961.961 - root - INFO - ✅ Bark 通知发送成功
[0;32m[SUCCESS][0m Bark 通知发送成功
⏳ 等待 10 秒后重新运行... (第 1/3 次失败)
🔄 开始第 2 次重试...
[0;34m[INFO][0m 将运行选定的 1 个角色

[0;34m[INFO][0m 准备运行 1 个角色: main

[0;34m[INFO][0m 正在运行第 1/1 个角色...
[0;31m[ERROR][0m 配置文件不存在: configs/main.json
[0;31m[ERROR][0m 运行失败（已重试 3 次）！
[1;33m[WARNING][0m 继续运行下一个角色...


[0;34m[INFO][0m ==================================================
[0;34m[INFO][0m 运行总结
[0;34m[INFO][0m ==================================================
[0;34m[INFO][0m 总共运行: 1 个角色
[0;32m[SUCCESS][0m 成功: 0 个
[0;31m[ERROR][0m 失败: 1 个
[0;34m[INFO][0m 总耗时: 0小时 0分钟 0秒
[0;34m[INFO][0m ==================================================

[0;34m[INFO][0m 📱 发送 Bark 通知...
[32m08:32:28.128[0m [1;30mINFO[0m unknown unknown system_config_loader.py:64 [32m✅ 系统配置加载成功: /Users/weiwang/Projects/miniwow/system_config.json[0m
[32m08:32:28.128[0m [1;30mINFO[0m unknown unknown system_config_loader.py:66 [32m📱 Bark 通知已启用[0m
[32m08:32:28.128[0m [1;30mINFO[0m unknown unknown system_config_loader.py:68 [32m📊 Loki 日志已启用[0m
[32m08:32:28.128[0m [1;30mINFO[0m unknown unknown system_config_loader.py:70 [32m📈 Grafana 可视化已启用[0m
2025-12-03 08:32:28,128.128 - root - INFO - 📱 发送 Bark 通知: 异世界勇者 - 副本运行失败
2025-12-03 08:32:29,440.440 - root - INFO - ✅ Bark 通知发送成功
[0;32m[SUCCESS][0m Bark 通知发送成功
⏳ 等待 20 秒后重新运行... (第 2/3 次失败)
🔄 开始第 3 次重试...
[0;34m[INFO][0m 将运行选定的 1 个角色

[0;34m[INFO][0m 准备运行 1 个角色: main

[0;34m[INFO][0m 正在运行第 1/1 个角色...
[0;31m[ERROR][0m 配置文件不存在: configs/main.json
[0;31m[ERROR][0m 运行失败（已重试 3 次）！
[1;33m[WARNING][0m 继续运行下一个角色...


[0;34m[INFO][0m ==================================================
[0;34m[INFO][0m 运行总结
[0;34m[INFO][0m ==================================================
[0;34m[INFO][0m 总共运行: 1 个角色
[0;32m[SUCCESS][0m 成功: 0 个
[0;31m[ERROR][0m 失败: 1 个
[0;34m[INFO][0m 总耗时: 0小时 0分钟 0秒
[0;34m[INFO][0m ==================================================

[0;34m[INFO][0m 📱 发送 Bark 通知...
[32m08:32:49.599[0m [1;30mINFO[0m unknown unknown system_config_loader.py:64 [32m✅ 系统配置加载成功: /Users/weiwang/Projects/miniwow/system_config.json[0m
[32m08:32:49.600[0m [1;30mINFO[0m unknown unknown system_config_loader.py:66 [32m📱 Bark 通知已启用[0m
[32m08:32:49.600[0m [1;30mINFO[0m unknown unknown system_config_loader.py:68 [32m📊 Loki 日志已启用[0m
[32m08:32:49.600[0m [1;30mINFO[0m unknown unknown system_config_loader.py:70 [32m📈 Grafana 可视化已启用[0m
2025-12-03 08:32:49,600.600 - root - INFO - 📱 发送 Bark 通知: 异世界勇者 - 副本运行失败
2025-12-03 08:32:50,910.910 - root - INFO - ✅ Bark 通知发送成功
[0;32m[SUCCESS][0m Bark 通知发送成功
❌ 脚本在 $max_retries 次重试后仍然失败
[0;34m[INFO][0m 将运行选定的 1 个角色

[0;34m[INFO][0m 准备运行 1 个角色: main

[0;34m[INFO][0m 正在运行第 1/1 个角色...
[0;31m[ERROR][0m 配置文件不存在: configs/main.json
[0;31m[ERROR][0m 运行失败（已重试 3 次）！
[1;33m[WARNING][0m 继续运行下一个角色...


[0;34m[INFO][0m ==================================================
[0;34m[INFO][0m 运行总结
[0;34m[INFO][0m ==================================================
[0;34m[INFO][0m 总共运行: 1 个角色
[0;32m[SUCCESS][0m 成功: 0 个
[0;31m[ERROR][0m 失败: 1 个
[0;34m[INFO][0m 总耗时: 0小时 0分钟 0秒
[0;34m[INFO][0m ==================================================

[0;34m[INFO][0m 📱 发送 Bark 通知...
[32m13:32:08.148[0m [1;30mINFO[0m unknown unknown system_config_loader.py:63 [32m✅ 系统配置加载成功: /Users/weiwang/Projects/miniwow/system_config.json[0m
[32m13:32:08.148[0m [1;30mINFO[0m unknown unknown system_config_loader.py:65 [32m📱 Bark 通知已启用[0m
[32m13:32:08.148[0m [1;30mINFO[0m unknown unknown system_config_loader.py:67 [32m📊 Loki 日志已启用[0m
[32m13:32:08.148[0m [1;30mINFO[0m unknown unknown system_config_loader.py:69 [32m📈 Grafana 可视化已启用[0m
2025-12-03 13:32:08,148.148 - root - INFO - 📱 发送 Bark 通知: 异世界勇者 - 副本运行失败
2025-12-03 13:32:09,761.761 - root - INFO - ✅ Bark 通知发送成功
[0;32m[SUCCESS][0m Bark 通知发送成功
⏳ 等待 10 秒后重新运行... (第 1/3 次失败)
🔄 开始第 2 次重试...
[0;34m[INFO][0m 将运行选定的 1 个角色

[0;34m[INFO][0m 准备运行 1 个角色: main

[0;34m[INFO][0m 正在运行第 1/1 个角色...
[0;31m[ERROR][0m 配置文件不存在: configs/main.json
[0;31m[ERROR][0m 运行失败（已重试 3 次）！
[1;33m[WARNING][0m 继续运行下一个角色...


[0;34m[INFO][0m ==================================================
[0;34m[INFO][0m 运行总结
[0;34m[INFO][0m ==================================================
[0;34m[INFO][0m 总共运行: 1 个角色
[0;32m[SUCCESS][0m 成功: 0 个
[0;31m[ERROR][0m 失败: 1 个
[0;34m[INFO][0m 总耗时: 0小时 0分钟 0秒
[0;34m[INFO][0m ==================================================

[0;34m[INFO][0m 📱 发送 Bark 通知...
[32m13:32:19.942[0m [1;30mINFO[0m unknown unknown system_config_loader.py:63 [32m✅ 系统配置加载成功: /Users/weiwang/Projects/miniwow/system_config.json[0m
[32m13:32:19.942[0m [1;30mINFO[0m unknown unknown system_config_loader.py:65 [32m📱 Bark 通知已启用[0m
[32m13:32:19.942[0m [1;30mINFO[0m unknown unknown system_config_loader.py:67 [32m📊 Loki 日志已启用[0m
[32m13:32:19.942[0m [1;30mINFO[0m unknown unknown system_config_loader.py:69 [32m📈 Grafana 可视化已启用[0m
2025-12-03 13:32:19,942.942 - root - INFO - 📱 发送 Bark 通知: 异世界勇者 - 副本运行失败
2025-12-03 13:32:21,844.844 - root - INFO - ✅ Bark 通知发送成功
[0;32m[SUCCESS][0m Bark 通知发送成功
⏳ 等待 20 秒后重新运行... (第 2/3 次失败)
🔄 开始第 3 次重试...
[0;34m[INFO][0m 将运行选定的 1 个角色

[0;34m[INFO][0m 准备运行 1 个角色: main

[0;34m[INFO][0m 正在运行第 1/1 个角色...
[0;31m[ERROR][0m 配置文件不存在: configs/main.json
[0;31m[ERROR][0m 运行失败（已重试 3 次）！
[1;33m[WARNING][0m 继续运行下一个角色...


[0;34m[INFO][0m ==================================================
[0;34m[INFO][0m 运行总结
[0;34m[INFO][0m ==================================================
[0;34m[INFO][0m 总共运行: 1 个角色
[0;32m[SUCCESS][0m 成功: 0 个
[0;31m[ERROR][0m 失败: 1 个
[0;34m[INFO][0m 总耗时: 0小时 0分钟 0秒
[0;34m[INFO][0m ==================================================

[0;34m[INFO][0m 📱 发送 Bark 通知...
[32m13:32:42.062[0m [1;30mINFO[0m unknown unknown system_config_loader.py:63 [32m✅ 系统配置加载成功: /Users/weiwang/Projects/miniwow/system_config.json[0m
[32m13:32:42.062[0m [1;30mINFO[0m unknown unknown system_config_loader.py:65 [32m📱 Bark 通知已启用[0m
[32m13:32:42.062[0m [1;30mINFO[0m unknown unknown system_config_loader.py:67 [32m📊 Loki 日志已启用[0m
[32m13:32:42.062[0m [1;30mINFO[0m unknown unknown system_config_loader.py:69 [32m📈 Grafana 可视化已启用[0m
2025-12-03 13:32:42,062.062 - root - INFO - 📱 发送 Bark 通知: 异世界勇者 - 副本运行失败
2025-12-03 13:32:44,213.213 - root - INFO - ✅ Bark 通知发送成功
[0;32m[SUCCESS][0m Bark 通知发送成功
❌ 脚本在 $max_retries 次重试后仍然失败
[0;34m[INFO][0m 将运行选定的 1 个角色

[0;34m[INFO][0m 准备运行 1 个角色: main

[0;34m[INFO][0m 正在运行第 1/1 个角色...
[0;31m[ERROR][0m 配置文件不存在: configs/main.json
[0;31m[ERROR][0m 运行失败（已重试 3 次）！
[1;33m[WARNING][0m 继续运行下一个角色...


[0;34m[INFO][0m ==================================================
[0;34m[INFO][0m 运行总结
[0;34m[INFO][0m ==================================================
[0;34m[INFO][0m 总共运行: 1 个角色
[0;32m[SUCCESS][0m 成功: 0 个
[0;31m[ERROR][0m 失败: 1 个
[0;34m[INFO][0m 总耗时: 0小时 0分钟 0秒
[0;34m[INFO][0m ==================================================

[0;34m[INFO][0m 📱 发送 Bark 通知...
[32m13:41:35.745[0m [1;30mINFO[0m unknown unknown system_config_loader.py:63 [32m✅ 系统配置加载成功: /Users/weiwang/Projects/miniwow/system_config.json[0m
[32m13:41:35.745[0m [1;30mINFO[0m unknown unknown system_config_loader.py:65 [32m📱 Bark 通知已启用[0m
[32m13:41:35.745[0m [1;30mINFO[0m unknown unknown system_config_loader.py:67 [32m📊 Loki 日志已启用[0m
[32m13:41:35.745[0m [1;30mINFO[0m unknown unknown system_config_loader.py:69 [32m📈 Grafana 可视化已启用[0m
2025-12-03 13:41:35,745.745 - root - INFO - 📱 发送 Bark 通知: 异世界勇者 - 副本运行失败
2025-12-03 13:41:37,205.205 - root - INFO - ✅ Bark 通知发送成功
[0;32m[SUCCESS][0m Bark 通知发送成功
⏳ 等待 10 秒后重新运行... (第 1/3 次失败)
🔄 开始第 2 次重试...
[0;34m[INFO][0m 将运行选定的 1 个角色

[0;34m[INFO][0m 准备运行 1 个角色: main

[0;34m[INFO][0m 正在运行第 1/1 个角色...
[0;31m[ERROR][0m 配置文件不存在: configs/main.json
[0;31m[ERROR][0m 运行失败（已重试 3 次）！
[1;33m[WARNING][0m 继续运行下一个角色...


[0;34m[INFO][0m ==================================================
[0;34m[INFO][0m 运行总结
[0;34m[INFO][0m ==================================================
[0;34m[INFO][0m 总共运行: 1 个角色
[0;32m[SUCCESS][0m 成功: 0 个
[0;31m[ERROR][0m 失败: 1 个
[0;34m[INFO][0m 总耗时: 0小时 0分钟 0秒
[0;34m[INFO][0m ==================================================

[0;34m[INFO][0m 📱 发送 Bark 通知...
[32m13:41:47.329[0m [1;30mINFO[0m unknown unknown system_config_loader.py:63 [32m✅ 系统配置加载成功: /Users/weiwang/Projects/miniwow/system_config.json[0m
[32m13:41:47.329[0m [1;30mINFO[0m unknown unknown system_config_loader.py:65 [32m📱 Bark 通知已启用[0m
[32m13:41:47.329[0m [1;30mINFO[0m unknown unknown system_config_loader.py:67 [32m📊 Loki 日志已启用[0m
[32m13:41:47.329[0m [1;30mINFO[0m unknown unknown system_config_loader.py:69 [32m📈 Grafana 可视化已启用[0m
2025-12-03 13:41:47,329.329 - root - INFO - 📱 发送 Bark 通知: 异世界勇者 - 副本运行失败
2025-12-03 13:41:49,091.091 - root - INFO - ✅ Bark 通知发送成功
[0;32m[SUCCESS][0m Bark 通知发送成功
⏳ 等待 20 秒后重新运行... (第 2/3 次失败)
^[[A^[[A^[[A^[[B^[[B^[[B^[[B🔄 开始第 3 次重试...
[0;34m[INFO][0m 将运行选定的 1 个角色

[0;34m[INFO][0m 准备运行 1 个角色: main

[0;34m[INFO][0m 正在运行第 1/1 个角色...
[0;31m[ERROR][0m 配置文件不存在: configs/main.json
[0;31m[ERROR][0m 运行失败（已重试 3 次）！
[1;33m[WARNING][0m 继续运行下一个角色...


[0;34m[INFO][0m ==================================================
[0;34m[INFO][0m 运行总结
[0;34m[INFO][0m ==================================================
[0;34m[INFO][0m 总共运行: 1 个角色
[0;32m[SUCCESS][0m 成功: 0 个
[0;31m[ERROR][0m 失败: 1 个
[0;34m[INFO][0m 总耗时: 0小时 0分钟 0秒
[0;34m[INFO][0m ==================================================

[0;34m[INFO][0m 📱 发送 Bark 通知...
[32m13:42:09.324[0m [1;30mINFO[0m unknown unknown system_config_loader.py:63 [32m✅ 系统配置加载成功: /Users/weiwang/Projects/miniwow/system_config.json[0m
[32m13:42:09.324[0m [1;30mINFO[0m unknown unknown system_config_loader.py:65 [32m📱 Bark 通知已启用[0m
[32m13:42:09.324[0m [1;30mINFO[0m unknown unknown system_config_loader.py:67 [32m📊 Loki 日志已启用[0m
[32m13:42:09.324[0m [1;30mINFO[0m unknown unknown system_config_loader.py:69 [32m📈 Grafana 可视化已启用[0m
2025-12-03 13:42:09,324.324 - root - INFO - 📱 发送 Bark 通知: 异世界勇者 - 副本运行失败
^[[A2025-12-03 13:42:11,245.245 - root - INFO - ✅ Bark 通知发送成功
[0;32m[SUCCESS][0m Bark 通知发送成功
❌ 脚本在 $max_retries 次重试后仍然失败
